"../../../Engine/Content/Functions/Engine_MaterialFunctions01/Opacity/CameraDepthFade.uasset" 0
"../../../Engine/Content/EngineMaterials/T_Default_Material_Grid_N.uasset" 1
"../../../Engine/Content/EngineMaterials/T_Default_Material_Grid_M.uasset" 2
"../../../Engine/Content/EngineMaterials/WorldGridMaterial.uasset" 3
"../../../Engine/Content/ArtTools/RenderToTexture/Meshes/S_1_Unit_Plane.uasset" 4
"../../../Engine/Content/EngineMaterials/DefaultMaterial.uasset" 5
"../../../Engine/Content/BasicShapes/Cone.uasset" 6
"../../../Engine/Content/BasicShapes/Plane.uasset" 7
"../../../Engine/Content/BasicShapes/Sphere.uasset" 8
"../../../Engine/Content/EditorLandscapeResources/DataLayer.uasset" 9
"../../../Engine/Content/EditorLandscapeResources/DefaultAlphaTexture.uasset" 10
"../../../Engine/Content/EditorMaterials/MAT_Groups_Toggle.uasset" 11
"../../../Engine/Content/EditorMaterials/MAT_Groups_Visibility.uasset" 12
"../../../Engine/Content/EditorMaterials/PreviewShadowIndicator.uasset" 13
"../../../Engine/Content/EditorMaterials/PreviewShadowIndicatorMaterial.uasset" 14
"../../../Engine/Content/EditorMaterials/MatineeGroups/MAT_ColorTrack.uasset" 15
"../../../Engine/Content/EditorMaterials/MatineeGroups/MAT_Groups_Anim.uasset" 16
"../../../Engine/Content/EditorMaterials/MatineeGroups/MAT_Groups_AudioMaster.uasset" 17
"../../../Engine/Content/EditorMaterials/MatineeGroups/MAT_Groups_Director.uasset" 18
"../../../Engine/Content/EditorMaterials/MatineeGroups/MAT_Groups_Event.uasset" 19
"../../../Engine/Content/EditorMaterials/MatineeGroups/MAT_Groups_Fade.uasset" 20
"../../../Engine/Content/EditorMaterials/MatineeGroups/MAT_Groups_Float.uasset" 21
"../../../Engine/Content/EditorMaterials/MatineeGroups/MAT_Groups_Move.uasset" 22
"../../../Engine/Content/EditorMaterials/MatineeGroups/MAT_Groups_Slomo.uasset" 23
"../../../Engine/Content/EditorMaterials/MatineeGroups/MAT_Groups_Sound.uasset" 24
"../../../Engine/Content/EditorMaterials/MatineeGroups/MAT_Groups_Vector.uasset" 25
"../../../Engine/Content/EditorMaterials/ParticleSystems/PSysThumbnail_NoImage.uasset" 26
"../../../Engine/Content/EditorMaterials/ParticleSystems/PSysThumbnail_OOD.uasset" 27
"../../../Engine/Content/EditorMaterials/Camera/CineMat.uasset" 28
"../../../Engine/Content/EditorMaterials/Camera/MI_CineMat_Rig.uasset" 29
"../../../Engine/Content/EditorMeshes/Camera/SM_CraneRig_Arm.uasset" 30
"../../../Engine/Content/EditorMeshes/Camera/SM_CraneRig_Base.uasset" 31
"../../../Engine/Content/EditorMeshes/Camera/SM_CraneRig_Body.uasset" 32
"../../../Engine/Content/EditorMeshes/Camera/SM_CraneRig_Mount.uasset" 33
"../../../Engine/Content/EditorMeshes/Camera/SM_RailRig_Mount.uasset" 34
"../../../Engine/Content/EditorMeshes/Camera/SM_RailRig_Track.uasset" 35
"../../../Engine/Content/EditorResources/BSPVertex.uasset" 36
"../../../Engine/Content/EditorResources/EmptyActor.uasset" 37
"../../../Engine/Content/EditorResources/S_Actor.uasset" 38
"../../../Engine/Content/EditorResources/S_Note.uasset" 39
"../../../Engine/Content/EditorResources/S_Solver.uasset" 40
"../../../Engine/Content/EditorResources/S_Terrain.uasset" 41
"../../../Engine/Content/EditorResources/S_Trigger.uasset" 42
"../../../Engine/Content/EditorResources/LightIcons/S_LightError.uasset" 43
"../../../Engine/Content/EditorResources/SequenceRecorder/Countdown.uasset" 44
"../../../Engine/Content/EditorResources/SequenceRecorder/RecordingIndicator.uasset" 45
"../../../Engine/Content/EngineDamageTypes/DmgTypeBP_Environmental.uasset" 46
"../../../Engine/Content/EngineDebugMaterials/DebugEditorMaterial.uasset" 47
"../../../Engine/Content/EngineDebugMaterials/DebugMeshMaterial.uasset" 48
"../../../Engine/Content/EngineDebugMaterials/M_SimpleUnlitTranslucent.uasset" 49
"../../../Engine/Content/EngineDebugMaterials/VolumeToRender.uasset" 50
"../../../Engine/Content/Functions/Engine_MaterialFunctions02/Utility/CameraDirectionVector.uasset" 51
"../../../Engine/Content/EngineDebugMaterials/M_VolumeRenderSphereTracePP.uasset" 52
"../../../Engine/Content/Functions/Engine_MaterialFunctions01/Shading/ConvertFromDiffSpec.uasset" 53
"../../../Engine/Content/EngineDebugMaterials/VertexColorMaterial.uasset" 54
"../../../Engine/Content/EngineDebugMaterials/WireframeMaterial.uasset" 55
"../../../Engine/Content/EngineFonts/Faces/RobotoRegular.uasset" 56
"../../../Engine/Content/EngineFonts/Faces/RobotoLight.uasset" 57
"../../../Engine/Content/EngineFonts/Faces/RobotoItalic.uasset" 58
"../../../Engine/Content/EngineFonts/Faces/RobotoBoldItalic.uasset" 59
"../../../Engine/Content/EngineFonts/Faces/RobotoBold.uasset" 60
"../../../Engine/Content/EngineFonts/Faces/DroidSansFallback.uasset" 61
"../../../Engine/Content/EngineFonts/Roboto.uasset" 62
"../../../Engine/Content/EngineMaterials/BaseFlattenNormalMap.uasset" 63
"../../../Engine/Content/EngineMaterials/BaseFlattenGrayscaleMap.uasset" 64
"../../../Engine/Content/EngineMaterials/BaseFlattenEmissiveMap.uasset" 65
"../../../Engine/Content/EngineMaterials/BaseFlattenDiffuseMap.uasset" 66
"../../../Engine/Content/EngineMaterials/BaseFlattenMaterial.uasset" 67
"../../../Engine/Content/EngineMaterials/BlueNoise.uasset" 68
"../../../Engine/Content/EngineMaterials/DefaultBloomKernel.uasset" 69
"../../../Engine/Content/EngineMaterials/DefaultBokeh.uasset" 70
"../../../Engine/Content/EngineMaterials/DefaultDiffuse.uasset" 71
"../../../Engine/Content/EngineMaterials/DefaultDeferredDecalMaterial.uasset" 72
"../../../Engine/Content/EngineMaterials/DefaultLightFunctionMaterial.uasset" 73
"../../../Engine/Content/Functions/Engine_MaterialFunctions02/Utility/BreakOutFloat2Components.uasset" 74
"../../../Engine/Content/EngineMaterials/DefaultPostProcessMaterial.uasset" 75
"../../../Engine/Content/EngineFonts/RobotoDistanceField.uasset" 76
"../../../Engine/Content/EngineMaterials/DefaultTextMaterialOpaque.uasset" 77
"../../../Engine/Content/EngineMaterials/DefaultWhiteGrid.uasset" 78
"../../../Engine/Content/EngineMaterials/DefaultWhiteGrid_Low.uasset" 79
"../../../Engine/Content/EngineMaterials/EmissiveMeshMaterial.uasset" 80
"../../../Engine/Content/EngineMaterials/GizmoMaterial.uasset" 81
"../../../Engine/Content/EngineMaterials/Good64x64TilingNoiseHighFreq.uasset" 82
"../../../Engine/Content/EngineMaterials/MiniFont.uasset" 83
"../../../Engine/Content/EngineMaterials/InvalidLightmapSettings.uasset" 84
"../../../Engine/Content/EngineMaterials/M_InvalidLightmapSettings.uasset" 85
"../../../Engine/Content/Functions/Engine_MaterialFunctions02/WorldPositionOffset/CameraOffset.uasset" 86
"../../../Engine/Content/EngineMaterials/PhAT_JointLimitMaterial.uasset" 87
"../../../Engine/Content/EngineMaterials/PreintegratedSkinBRDF.uasset" 88
"../../../Engine/Content/EngineMaterials/RemoveSurfaceMaterial.uasset" 89
"../../../Engine/Content/EngineMaterials/WeightMapPlaceholderTexture.uasset" 90
"../../../Engine/Content/EngineResources/WhiteSquareTexture.uasset" 91
"../../../Engine/Content/EngineMaterials/Widget3DPassThrough.uasset" 92
"../../../Engine/Content/EngineMaterials/Widget3DPassThrough_Masked.uasset" 93
"../../../Engine/Content/EngineMaterials/Widget3DPassThrough_Opaque.uasset" 94
"../../../Engine/Content/EngineMaterials/Widget3DPassThrough_Masked_OneSided.uasset" 95
"../../../Engine/Content/EngineMaterials/Widget3DPassThrough_Opaque_OneSided.uasset" 96
"../../../Engine/Content/EngineMaterials/Widget3DPassThrough_Translucent.uasset" 97
"../../../Engine/Content/EngineMaterials/Widget3DPassThrough_Translucent_OneSided.uasset" 98
"../../../Engine/Content/EngineMeshes/Cylinder.uasset" 99
"../../../Engine/Content/EngineMeshes/Sphere.uasset" 100
"../../../Engine/Content/EngineResources/Black.uasset" 101
"../../../Engine/Content/EngineResources/DefaultTextureCube.uasset" 102
"../../../Engine/Content/EngineResources/DefaultVolumeTexture2D.uasset" 103
"../../../Engine/Content/EngineResources/DefaultVolumeTexture.uasset" 104
"../../../Engine/Content/EngineResources/GradientTexture0.uasset" 105
"../../../Engine/Content/EngineSky/VolumetricClouds/T_NoiseShape64.uasset" 106
"../../../Engine/Content/EngineSky/VolumetricClouds/T_VolumeNoiseShape64.uasset" 107
"../../../Engine/Content/EngineSky/VolumetricClouds/T_NoiseErosion.uasset" 108
"../../../Engine/Content/EngineSky/VolumetricClouds/T_VolumeNoiseErosion32.uasset" 109
"../../../Engine/Content/EngineSky/VolumetricClouds/CloudWeatherTexture.uasset" 110
"../../../Engine/Content/EngineSky/VolumetricClouds/CloudGradientTexture.uasset" 111
"../../../Engine/Content/Functions/Engine_MaterialFunctions02/Utility/MakeFloat2.uasset" 112
"../../../Engine/Content/EngineSky/VolumetricClouds/m_SimpleVolumetricCloud.uasset" 113
"../../../Engine/Content/EngineSky/VolumetricClouds/m_SimpleVolumetricCloud_Inst.uasset" 114
"../../../Engine/Content/EngineSounds/Master.uasset" 115
"../../../Engine/Content/Functions/Engine_MaterialFunctions01/Shading/PowerToRoughness.uasset" 116
"../../../Engine/Content/Maps/Templates/Thumbnails/Default.uasset" 117
"../../../Engine/Content/Maps/Templates/Thumbnails/TimeOfDay.uasset" 118
"../../../Engine/Content/Maps/Templates/Thumbnails/VR-Basic.uasset" 119
"../../../Engine/Content/MobileResources/T_MobileControls_texture.uasset" 120
"../../../Engine/Content/MobileResources/T_MobileMenu2.uasset" 121
"../../../Engine/Content/MobileResources/HUD/AnalogHat.uasset" 122
"../../../Engine/Content/MobileResources/HUD/VirtualJoystick_Thumb.uasset" 123
"../../../Engine/Content/MobileResources/HUD/VirtualJoystick_Background.uasset" 124
"../../../Engine/Content/MobileResources/HUD/DefaultVirtualJoysticks.uasset" 125
"../../../Engine/Content/MobileResources/HUD/LeftVirtualJoystickOnly.uasset" 126
"../../../Engine/Content/MobileResources/HUD/MobileHUDButton1_off.uasset" 127
"../../../Engine/Content/MobileResources/HUD/MobileHUDButton1_on.uasset" 128
"../../../Engine/Content/MobileResources/HUD/MobileHUDButton2_off.uasset" 129
"../../../Engine/Content/MobileResources/HUD/MobileHUDButton2_on.uasset" 130
"../../../Engine/Content/MobileResources/HUD/MobileHUDButton3.uasset" 131
"../../../Engine/Content/MobileResources/HUD/MobileHUDButtonFire.uasset" 132
"../../../Engine/Content/MobileResources/HUD/MobileHUDDirectionPad.uasset" 133
"../../../Engine/Content/MobileResources/HUD/MobileHUDDirectionPad2.uasset" 134
"../../../Engine/Content/MobileResources/HUD/MobileHUDDirectionPad3.uasset" 135
"../../../Engine/Content/MobileResources/HUD/MobileHUDDirectionStick.uasset" 136
"../../../Engine/Content/MobileResources/HUD/T_Castle_ThumbstickInner.uasset" 137
"../../../Engine/Content/MobileResources/HUD/T_Castle_ThumbstickOutter.uasset" 138
"../../../Engine/Content/Tutorial/ContentIntroCurve.uasset" 139
"../../../Engine/Content/Tutorial/Basics/LevelEditorAttract.uasset" 140
"../../../Engine/Content/VREditor/TransformGizmo/TranslucentTransformGizmoMaterial.uasset" 141
"../../../Engine/Content/VREditor/LaserPointer/VR_LaserPower_01.uasset" 142
"../../../Engine/Content/VREditor/TransformGizmo/TransformGizmoMaterial.uasset" 143
"../../../Engine/Content/VREditor/TransformGizmo/BoundingBoxCorner.uasset" 144
"../../../Engine/Content/VREditor/TransformGizmo/BoundingBoxEdge.uasset" 145
"../../../Engine/Content/VREditor/TransformGizmo/PlaneTranslationHandle.uasset" 146
"../../../Engine/Content/VREditor/TransformGizmo/Xray.uasset" 147
"../../../Engine/Content/VREditor/TransformGizmo/Main.uasset" 148
"../../../Engine/Content/VREditor/TransformGizmo/SM_Sequencer_Key.uasset" 149
"../../../Engine/Content/VREditor/TransformGizmo/SM_Sequencer_Node.uasset" 150
"../../Plugins/2D/Paper2D/Content/PlaceholderTextures/DummySpriteTexture.uasset" 151
"../../Plugins/2D/Paper2D/Content/DummySprite.uasset" 152
"../../Plugins/2D/Paper2D/Content/DefaultPaperTerrainMaterial.uasset" 153
"../../Plugins/2D/Paper2D/Content/DefaultSpriteMaterial.uasset" 154
"../../Plugins/2D/Paper2D/Content/MaskedUnlitSpriteMaterial.uasset" 155
"../../Plugins/2D/Paper2D/Content/OpaqueUnlitSpriteMaterial.uasset" 156
"../../../Engine/Content/BasicShapes/Cylinder.uasset" 157
"../../../Engine/Content/ArtTools/RenderToTexture/Materials/Debug/M_Emissive_Color.uasset" 158
"../../Plugins/Lumin/MagicLeapPassableWorld/Content/MagicLeapARPinInfoActor.uasset" 159
"../../../Engine/Content/Functions/Engine_MaterialFunctions02/Utility/BreakOutFloat3Components.uasset" 160
"../../../Engine/Content/Functions/Engine_MaterialFunctions02/ObjectLocalBounds.uasset" 161
"../../../Engine/Content/Functions/Engine_MaterialFunctions02/UVs/BoundingBoxBased_0-1_UVW.uasset" 162
"../../../Engine/Content/EngineResources/DefaultTexture.uasset" 163
"../../../Engine/Content/Functions/Engine_MaterialFunctions02/SafeNormalize.uasset" 164
"../../Plugins/Editor/SpeedTreeImporter/Content/SpeedTree9/UnpackInteger3.uasset" 165
"../../Plugins/Editor/SpeedTreeImporter/Content/SpeedTree9/UnpackDirection.uasset" 166
"../../Plugins/Editor/SpeedTreeImporter/Content/SpeedTree9/game_wind_noise.uasset" 167
"../../Plugins/Editor/SpeedTreeImporter/Content/SpeedTree9/SpeedTreeWindMotion.uasset" 168
"../../Plugins/Editor/SpeedTreeImporter/Content/SpeedTree9/SpeedTreeBranchMotion.uasset" 169
"../../Plugins/Editor/SpeedTreeImporter/Content/SpeedTree9/SpeedTreeWind.uasset" 170
"../../Plugins/Editor/SpeedTreeImporter/Content/SpeedTree9/SpeedTreeBillboard.uasset" 171
"../../Plugins/Editor/SpeedTreeImporter/Content/SpeedTree9/SpeedTreeBillboardMaster.uasset" 172
"../../Plugins/Editor/SpeedTreeImporter/Content/SpeedTree9/SpeedTreeCameraFacing.uasset" 173
"../../Plugins/Editor/SpeedTreeImporter/Content/SpeedTree9/SpeedTreeMaster.uasset" 174
"../../../Engine/Content/Functions/Engine_MaterialFunctions02/Utility/BreakOutFloat4Components.uasset" 175
"../../../Engine/Content/Functions/Engine_MaterialFunctions02/Utility/MakeFloat3.uasset" 176
"../../Plugins/Runtime/Oculus/OculusVR/Content/Materials/OculusMR_ChromaKey.uasset" 177
"../../Plugins/Runtime/Oculus/OculusVR/Content/Materials/OculusMR_OpaqueColoredMaterial.uasset" 178
"../../Plugins/Runtime/Oculus/OculusVR/Content/Materials/PokeAHoleMaterial.uasset" 179
"../../../../../../Users/m011962i/Documents/GitHub/ParkourRunner/Content/DESIGN/Ed/Widgets/W_Button.uasset" 180
"../../../../../../Users/m011962i/Documents/GitHub/ParkourRunner/Content/DESIGN/Ed/Widgets/W_Menu3D_Base.uasset" 181
"../../../../../../Users/m011962i/Documents/GitHub/ParkourRunner/Content/DESIGN/Ed/Widgets/W_Settings.uasset" 182
"../../../../../../Users/m011962i/Documents/GitHub/ParkourRunner/Content/DESIGN/Ed/Widgets/W_PlayChoice.uasset" 183
"../../../../../../Users/m011962i/Documents/GitHub/ParkourRunner/Content/DESIGN/Ed/Widgets/W_MainMenu.uasset" 184
"../../../../../../Users/m011962i/Documents/GitHub/ParkourRunner/Content/DESIGN/Ed/Widgets/W_HighScores.uasset" 185
"../../../../../../Users/m011962i/Documents/GitHub/ParkourRunner/Content/DESIGN/Ed/Widgets/W_Controls.uasset" 186
"../../../../../../Users/m011962i/Documents/GitHub/ParkourRunner/Content/TECH/Mitz/Blueprints/bpi_Menu.uasset" 187
"../../../../../../Users/m011962i/Documents/GitHub/ParkourRunner/Content/DESIGN/Ed/Blueprints/BP_MenuPC.uasset" 188
"../../../../../../Users/m011962i/Documents/GitHub/ParkourRunner/Content/DESIGN/Ed/Blueprints/GM_MainMenu.uasset" 189
"../../../../../../Users/m011962i/Documents/GitHub/ParkourRunner/Content/DESIGN/Ed/Blueprints/BP_Menu3D.uasset" 190
"../../../Engine/Content/EngineSky/T_Sky_Stars.uasset" 191
"../../../Engine/Content/EngineSky/T_Sky_Clouds_M.uasset" 192
"../../../Engine/Content/EngineSky/T_Sky_Blue.uasset" 193
"../../../Engine/Content/BasicShapes/Cube.uasset" 194
"../../../Engine/Content/EngineSky/M_Sky_Panning_Clouds2.uasset" 195
"../../../Engine/Content/EngineSky/SM_SkySphere.uasset" 196
"../../../Engine/Content/EngineSky/C_Sky_Zenith_Color.uasset" 197
"../../../Engine/Content/EngineSky/C_Sky_Horizon_Color.uasset" 198
"../../../Engine/Content/EngineSky/C_Sky_Cloud_Color.uasset" 199
"../../../Engine/Content/EditorBlueprintResources/StandardMacros.uasset" 200
"../../../Engine/Content/EngineSky/BP_Sky_Sphere.uasset" 201
"../../../../../../Users/m011962i/Documents/GitHub/ParkourRunner/Content/ART/James/Materials/Textures/Tiling/Steel/T_Steel_01_A_NORMAL.uasset" 202
"../../../../../../Users/m011962i/Documents/GitHub/ParkourRunner/Content/ART/James/Materials/Textures/Tiling/Steel/T_Steel_01_A_MRAO.uasset" 203
"../../../../../../Users/m011962i/Documents/GitHub/ParkourRunner/Content/ART/James/Materials/Textures/Tiling/Steel/T_Steel_01_A_ALBEDO.uasset" 204
"../../../../../../Users/m011962i/Documents/GitHub/ParkourRunner/Content/ART/James/Materials/Textures/Tiling/Detail_Roughness/T_Detail_014_A_ROUGHNESS.uasset" 205
"../../../../../../Users/m011962i/Documents/GitHub/ParkourRunner/Content/ART/James/Materials/Textures/Tiling/Plaster/T_Plaster_01_A_Normal.uasset" 206
"../../../../../../Users/m011962i/Documents/GitHub/ParkourRunner/Content/ART/James/Materials/Textures/Tiling/Plaster/T_Plaster_01_A_MRAO.uasset" 207
"../../../../../../Users/m011962i/Documents/GitHub/ParkourRunner/Content/ART/James/Materials/Textures/Tiling/Plaster/T_Plaster_01_A_Height.uasset" 208
"../../../../../../Users/m011962i/Documents/GitHub/ParkourRunner/Content/ART/James/Materials/Textures/Tiling/Plaster/T_Plaster_01_A_Albedo.uasset" 209
"../../../../../../Users/m011962i/Documents/GitHub/ParkourRunner/Content/ART/James/Materials/Textures/Tiling/Masks/T_ColourVariation_02_A_Mask.uasset" 210
"../../../../../../Users/m011962i/Documents/GitHub/ParkourRunner/Content/ART/James/Materials/Textures/Tiling/Masks/T_Breakup_01_A_Mask.uasset" 211
"../../../../../../Users/m011962i/Documents/GitHub/ParkourRunner/Content/ART/James/Materials/Textures/Tiling/Detail_Roughness/T_Detail_02_A_ROUGHNESS.uasset" 212
"../../../../../../Users/m011962i/Documents/GitHub/ParkourRunner/Content/ART/James/Materials/Textures/Tiling/Detail_Normal/T_Detail_02_A_NORMAL.uasset" 213
"../../../../../../Users/m011962i/Documents/GitHub/ParkourRunner/Content/ART/James/Materials/Textures/Unique/Masks/Pipes/T_PipePaint_01_A_MASK.uasset" 214
"../../../../../../Users/m011962i/Documents/GitHub/ParkourRunner/Content/ART/James/Materials/Textures/Unique/Bakes/Pipes/Large/T_PipeLarge_01_A_AO.uasset" 215
"../../../../../../Users/m011962i/Documents/GitHub/ParkourRunner/Content/ART/James/Materials/Textures/Unique/Bakes/Pipes/Large/T_PipeLarge_01_A_NORMAL.uasset" 216
"../../../Engine/Content/Functions/Engine_MaterialFunctions01/Gradient/LinearGradient.uasset" 217
"../../../Engine/Content/Functions/Engine_MaterialFunctions01/ImageAdjustment/CheapContrast.uasset" 218
"../../../Engine/Content/Functions/Engine_MaterialFunctions01/Texturing/WorldAlignedTexture.uasset" 219
"../../../Engine/Content/Functions/Engine_MaterialFunctions02/Utility/BlendAngleCorrectedNormals.uasset" 220
"../../../../../../Users/m011962i/Documents/GitHub/ParkourRunner/Content/ART/James/Materials/Master_Materials/Material_Functions/MF_BakedMaps.uasset" 221
"../../../../../../Users/m011962i/Documents/GitHub/ParkourRunner/Content/ART/James/Materials/Master_Materials/Material_Functions/MF_TopTiling.uasset" 222
"../../../../../../Users/m011962i/Documents/GitHub/ParkourRunner/Content/ART/James/Materials/Textures/Tiling/Masks/T_ColourVariation_01_A_Mask.uasset" 223
"../../../../../../Users/m011962i/Documents/GitHub/ParkourRunner/Content/ART/James/Materials/Textures/Tiling/Detail_Roughness/T_Detail_01_A_ROUGHNESS.uasset" 224
"../../../../../../Users/m011962i/Documents/GitHub/ParkourRunner/Content/ART/James/Materials/Textures/Tiling/Detail_Normal/T_Detail_01_A_NORMAL.uasset" 225
"../../../../../../Users/m011962i/Documents/GitHub/ParkourRunner/Content/ART/James/Materials/Textures/Tiling/Brick/T_Brick_01_A_NORMAL.uasset" 226
"../../../../../../Users/m011962i/Documents/GitHub/ParkourRunner/Content/ART/James/Materials/Textures/Tiling/Brick/T_Brick_01_A_MRAO.uasset" 227
"../../../../../../Users/m011962i/Documents/GitHub/ParkourRunner/Content/ART/James/Materials/Textures/Tiling/Brick/T_Brick_01_A_HEIGHT.uasset" 228
"../../../../../../Users/m011962i/Documents/GitHub/ParkourRunner/Content/ART/James/Materials/Textures/Tiling/Brick/T_Brick_01_A_ALBEDO.uasset" 229
"../../../../../../Users/m011962i/Documents/GitHub/ParkourRunner/Content/ART/James/Materials/Master_Materials/Material_Functions/MF_BaseTiling.uasset" 230
"../../../../../../Users/m011962i/Documents/GitHub/ParkourRunner/Content/ART/James/Materials/Master_Materials/M_Tiling_MASTER.uasset" 231
"../../../../../../Users/m011962i/Documents/GitHub/ParkourRunner/Content/ART/James/Materials/Textures/Tiling/Detail_Normal/T_Detail_03_A_NORMAL.uasset" 232
"../../../../../../Users/m011962i/Documents/GitHub/ParkourRunner/Content/ART/James/Materials/Textures/Tiling/Detail_Roughness/T_Detail_023_A_ROUGHNESS.uasset" 233
"../../../../../../Users/m011962i/Documents/GitHub/ParkourRunner/Content/ART/James/Materials/Master_Materials/Instances/MI_Steel_01_A_INST.uasset" 234
"../../../Engine/Content/BasicShapes/BasicShapeMaterial.uasset" 235
"../../../../../../Users/m011962i/Documents/GitHub/ParkourRunner/Content/DESIGN/Ed/Blueprints/M_Ed_Test_Level.umap" 236
"../../../../../../Users/m011962i/Documents/GitHub/ParkourRunner/Content/TECH/Jay/Blueprints/BP_BaseInteractable.uasset" 237
"../../../../../../Users/m011962i/Documents/GitHub/ParkourRunner/Content/TECH/Jay/S_LevelData.uasset" 238
"../../../../../../Users/m011962i/Documents/GitHub/ParkourRunner/Content/TECH/Jay/Blueprints/PhantomRunnerElements/S_PhantomRunnerValues.uasset" 239
"../../../Engine/Content/EngineResources/AICON-Green.uasset" 240
"../../../../../../Users/m011962i/Documents/GitHub/ParkourRunner/Content/TECH/Jay/Blueprints/MacroLibrary.uasset" 241
"../../../../../../Users/m011962i/Documents/GitHub/ParkourRunner/Content/1MISC/Geometry/Meshes/CubeMaterial.uasset" 242
"../../../../../../Users/m011962i/Documents/GitHub/ParkourRunner/Content/1MISC/Geometry/Meshes/1M_Cube.uasset" 243
"../../../../../../Users/m011962i/Documents/GitHub/ParkourRunner/Content/TECH/Mitz/Blueprints/BP_CheckPoint.uasset" 244
"../../../../../../Users/m011962i/Documents/GitHub/ParkourRunner/Content/TECH/Mitz/Blueprints/BP_SaveGame.uasset" 245
"../../../../../../Users/m011962i/Documents/GitHub/ParkourRunner/Content/TECH/Mitz/Blueprints/i_SaveGame.uasset" 246
"../../../../../../Users/m011962i/Documents/GitHub/ParkourRunner/Content/TECH/Mitz/AI/M_EmissiveParent.uasset" 247
"../../../../../../Users/m011962i/Documents/GitHub/ParkourRunner/Content/TECH/Mitz/AI/MI_ProjectileMatTest.uasset" 248
"../../../../../../Users/m011962i/Documents/GitHub/ParkourRunner/Content/TECH/Mitz/Blueprints/E_MovementState.uasset" 249
"../../../Engine/Content/EngineResources/AICON-Red.uasset" 250
"../../../../../../Users/m011962i/Documents/GitHub/ParkourRunner/Content/TECH/Jay/W_DeathScreen.uasset" 251
"../../../../../../Users/m011962i/Documents/GitHub/ParkourRunner/Content/TECH/Jay/W_DeathCounter.uasset" 252
"../../../../../../Users/m011962i/Documents/GitHub/ParkourRunner/Content/TECH/Jay/W_DashBar.uasset" 253
"../../../../../../Users/m011962i/Documents/GitHub/ParkourRunner/Content/TECH/Jay/W_BaseHUD.uasset" 254
"../../../../../../Users/m011962i/Documents/GitHub/ParkourRunner/Content/TECH/Jay/Interfaces/BPI_CharacterInputs.uasset" 255
"../../../../../../Users/m011962i/Documents/GitHub/ParkourRunner/Content/TECH/Jay/BP_PlayerController.uasset" 256
"../../../../../../Users/m011962i/Documents/GitHub/ParkourRunner/Content/TECH/Mitz/Blueprints/BP_PlayerStart.uasset" 257
"../../../../../../Users/m011962i/Documents/GitHub/ParkourRunner/Content/TECH/Jay/GM_ParkourRunner.uasset" 258
"../../../../../../Users/m011962i/Documents/GitHub/ParkourRunner/Content/TECH/Jay/Blueprints/FunctionLibrary.uasset" 259
"../../../../../../Users/m011962i/Documents/GitHub/ParkourRunner/Content/TECH/Mitz/Blueprints/BPi_Parkour.uasset" 260
"../../../../../../Users/m011962i/Documents/GitHub/ParkourRunner/Content/TECH/Mitz/Blueprints/BP_ClimbCameraShake.uasset" 261
"../../../../../../Users/m011962i/Documents/GitHub/ParkourRunner/Content/TECH/Jay/Blueprints/GrappleElements/E_GrapplePointState.uasset" 262
"../../../../../../Users/m011962i/Documents/GitHub/ParkourRunner/Content/TECH/Jay/Interfaces/BPI_GrapplePointElements.uasset" 263
"../../../../../../Users/m011962i/Documents/GitHub/ParkourRunner/Content/1MISC/FirstPerson/Meshes/BaseMaterial.uasset" 264
"../../../../../../Users/m011962i/Documents/GitHub/ParkourRunner/Content/1MISC/FirstPerson/Meshes/FirstPersonProjectileMaterial.uasset" 265
"../../../../../../Users/m011962i/Documents/GitHub/ParkourRunner/Content/1MISC/FirstPerson/Meshes/FirstPersonProjectileMesh.uasset" 266
"../../../../../../Users/m011962i/Documents/GitHub/ParkourRunner/Content/TECH/Jay/Blueprints/GrappleElements/GrapplePoints/BP_BaseGrappleInteraction.uasset" 267
"../../../../../../Users/m011962i/Documents/GitHub/ParkourRunner/Content/TECH/Mitz/Blueprints/BP_ParkourMovement.uasset" 268
"../../../../../../Users/m011962i/Documents/GitHub/ParkourRunner/Content/1MISC/FirstPerson/Character/Mesh/SK_Mannequin_Arms_PhysicsAsset.uasset" 269
"../../../../../../Users/m011962i/Documents/GitHub/ParkourRunner/Content/1MISC/FirstPerson/Character/Textures/UE4_Mannequin_MAT_MASKA.uasset" 270
"../../../../../../Users/m011962i/Documents/GitHub/ParkourRunner/Content/1MISC/FirstPerson/Character/Textures/UE4_Mannequin__normals.uasset" 271
"../../../../../../Users/m011962i/Documents/GitHub/ParkourRunner/Content/1MISC/FirstPerson/Character/Textures/UE4_LOGO_CARD.uasset" 272
"../../../../../../Users/m011962i/Documents/GitHub/ParkourRunner/Content/1MISC/FirstPerson/Character/Materials/MaterialLayers/T_ML_Rubber_Blue_01_N.uasset" 273
"../../../../../../Users/m011962i/Documents/GitHub/ParkourRunner/Content/1MISC/FirstPerson/Character/Materials/MaterialLayers/T_ML_Rubber_Blue_01_D.uasset" 274
"../../../../../../Users/m011962i/Documents/GitHub/ParkourRunner/Content/1MISC/FirstPerson/Character/Materials/MaterialLayers/T_ML_Aluminum01_N.uasset" 275
"../../../../../../Users/m011962i/Documents/GitHub/ParkourRunner/Content/1MISC/FirstPerson/Character/Materials/MaterialLayers/T_ML_Aluminum01.uasset" 276
"../../../../../../Users/m011962i/Documents/GitHub/ParkourRunner/Content/1MISC/FirstPerson/Character/Materials/MaterialLayers/ML_SoftMetal_UE4.uasset" 277
"../../../../../../Users/m011962i/Documents/GitHub/ParkourRunner/Content/1MISC/FirstPerson/Character/Materials/MaterialLayers/ML_Plastic_Shiny_Beige_LOGO.uasset" 278
"../../../../../../Users/m011962i/Documents/GitHub/ParkourRunner/Content/1MISC/FirstPerson/Character/Materials/MaterialLayers/ML_Plastic_Shiny_Beige.uasset" 279
"../../../../../../Users/m011962i/Documents/GitHub/ParkourRunner/Content/1MISC/FirstPerson/Character/Materials/MaterialLayers/ML_GlossyBlack_Latex_UE4.uasset" 280
"../../../Engine/Content/Functions/MaterialLayerFunctions/MatLayerBlend_Simple.uasset" 281
"../../../Engine/Content/Functions/MaterialLayerFunctions/MatLayerBlend_NormalBlend.uasset" 282
"../../../../../../Users/m011962i/Documents/GitHub/ParkourRunner/Content/1MISC/FirstPerson/Character/Materials/M_UE4Man_Body.uasset" 283
"../../../Engine/Content/EngineMeshes/Humanoid.uasset" 284
"../../../../../../Users/m011962i/Documents/GitHub/ParkourRunner/Content/1MISC/FirstPerson/Character/Mesh/SK_Mannequin_Arms_Skeleton.uasset" 285
"../../../../../../Users/m011962i/Documents/GitHub/ParkourRunner/Content/1MISC/FirstPerson/Character/Mesh/SK_Mannequin_Arms.uasset" 286
"../../../Engine/Content/Animation/DefaultAnimCurveCompressionSettings.uasset" 287
"../../../Engine/Content/Animation/DefaultAnimBoneCompressionSettings.uasset" 288
"../../../../../../Users/m011962i/Documents/GitHub/ParkourRunner/Content/1MISC/FirstPerson/Animations/FirstPerson_Run.uasset" 289
"../../../../../../Users/m011962i/Documents/GitHub/ParkourRunner/Content/1MISC/FirstPerson/Animations/FirstPerson_JumpStart.uasset" 290
"../../../../../../Users/m011962i/Documents/GitHub/ParkourRunner/Content/1MISC/FirstPerson/Animations/FirstPerson_JumpLoop.uasset" 291
"../../../../../../Users/m011962i/Documents/GitHub/ParkourRunner/Content/1MISC/FirstPerson/Animations/FirstPerson_JumpEnd.uasset" 292
"../../../../../../Users/m011962i/Documents/GitHub/ParkourRunner/Content/1MISC/FirstPerson/Animations/FirstPerson_Idle.uasset" 293
"../../../../../../Users/m011962i/Documents/GitHub/ParkourRunner/Content/1MISC/FirstPerson/Animations/FirstPerson_AnimBP.uasset" 294
"../../../../../../Users/m011962i/Documents/GitHub/ParkourRunner/Content/TECH/Jay/Blueprints/PhantomRunnerElements/BP_PhantomCharacter.uasset" 295
"../../../../../../Users/m011962i/Documents/GitHub/ParkourRunner/Content/TECH/Mitz/Blueprints/BP_SpawnManager.uasset" 296
"../../../../../../Users/m011962i/Documents/GitHub/ParkourRunner/Content/TECH/Mitz/Blueprints/BPi_Spawning.uasset" 297
"../../../../../../Users/m011962i/Documents/GitHub/ParkourRunner/Content/TECH/Jay/Blueprints/GrappleElements/E_CurrentGrappleState.uasset" 298
"../../../../../../Users/m011962i/Documents/GitHub/ParkourRunner/Content/TECH/Jay/Blueprints/GrappleElements/BP_GrappleHook.uasset" 299
"../../../../../../Users/m011962i/Documents/GitHub/ParkourRunner/Content/TECH/Jay/Blueprints/GrappleElements/BP_GrappleCable.uasset" 300
"../../../../../../Users/m011962i/Documents/GitHub/ParkourRunner/Content/TECH/Jay/Graphics/GrappleHookPoint.uasset" 301
"../../../../../../Users/m011962i/Documents/GitHub/ParkourRunner/Content/TECH/Jay/Blueprints/GrappleElements/W_PuzzleGrappleTargetWidget.uasset" 302
"../../../../../../Users/m011962i/Documents/GitHub/ParkourRunner/Content/TECH/Jay/Interfaces/BPI_EnvironmentalInteractions.uasset" 303
"../../../../../../Users/m011962i/Documents/GitHub/ParkourRunner/Content/TECH/Jay/Blueprints/EnvironmentalInteractions/BP_BaseEnvironmentalInteraction.uasset" 304
"../../../../../../Users/m011962i/Documents/GitHub/ParkourRunner/Content/TECH/Jay/Blueprints/GrappleElements/GrapplePoints/BP_PuzzleGrapplePoints.uasset" 305
"../../../../../../Users/m011962i/Documents/GitHub/ParkourRunner/Content/TECH/Jay/Blueprints/GrappleElements/W_GrappleTargetWidget.uasset" 306
"../../../../../../Users/m011962i/Documents/GitHub/ParkourRunner/Content/TECH/Jay/Blueprints/GrappleElements/GrapplePoints/BP_GrapplePoint.uasset" 307
"../../../../../../Users/m011962i/Documents/GitHub/ParkourRunner/Content/TECH/Jay/Blueprints/GrappleElements/BP_GrappleComponent.uasset" 308
"../../../../../../Users/m011962i/Documents/GitHub/ParkourRunner/Content/ART/Characters/MC_Hands/Hand_lp_Skeleton.uasset" 309
"../../../../../../Users/m011962i/Documents/GitHub/ParkourRunner/Content/ART/Characters/MC_Hands/Hand_lp_PhysicsAsset.uasset" 310
"../../../../../../Users/m011962i/Documents/GitHub/ParkourRunner/Content/ART/Characters/MC_Hands/Hand_MAT_Hand_BaseColor_Alpha.uasset" 311
"../../../../../../Users/m011962i/Documents/GitHub/ParkourRunner/Content/ART/Characters/MC_Hands/Hand_lp_MAT_Hand_SRAT.uasset" 312
"../../../../../../Users/m011962i/Documents/GitHub/ParkourRunner/Content/ART/Characters/MC_Hands/Hand_lp_MAT_Hand_Normal.uasset" 313
"../../../../../../Users/m011962i/Documents/GitHub/ParkourRunner/Content/ART/Characters/MC_Hands/M_CharacterArms.uasset" 314
"../../../../../../Users/m011962i/Documents/GitHub/ParkourRunner/Content/ART/Characters/MC_Hands/Hand_lp.uasset" 315
"../../../../../../Users/m011962i/Documents/GitHub/ParkourRunner/Content/TECH/Jay/BP_BaseCharacter.uasset" 316
"../../../../../../Users/m011962i/Documents/GitHub/ParkourRunner/Content/TECH/Mitz/AI/BP_EnemyProectile.uasset" 317
"../../../../../../Users/m011962i/Documents/GitHub/ParkourRunner/Content/TECH/Mitz/AI/BPi_AI.uasset" 318
"../../../../../../Users/m011962i/Documents/GitHub/ParkourRunner/Content/TECH/Mitz/AI/BTTask_EnemyShooting.uasset" 319
"../../../../../../Users/m011962i/Documents/GitHub/ParkourRunner/Content/TECH/Mitz/AI/BB_BaseEnemy.uasset" 320
"../../../../../../Users/m011962i/Documents/GitHub/ParkourRunner/Content/TECH/Mitz/AI/BT_BaseBehaviour.uasset" 321
"../../../../../../Users/m011962i/Documents/GitHub/ParkourRunner/Content/TECH/Mitz/AI/E_BBKeys.uasset" 322
"../../../../../../Users/m011962i/Documents/GitHub/ParkourRunner/Content/TECH/Mitz/AI/AIC_BaseEnemyController.uasset" 323
"../../../../../../Users/m011962i/Documents/GitHub/ParkourRunner/Content/ART/Characters/Enemies/Meshes/Alien_low_Skeleton.uasset" 324
"../../../../../../Users/m011962i/Documents/GitHub/ParkourRunner/Content/ART/Characters/Enemies/Animations/Alien_Idle_Pistol.uasset" 325
"../../../../../../Users/m011962i/Documents/GitHub/ParkourRunner/Content/ART/Characters/Enemies/Meshes/Alien_low_PhysicsAsset.uasset" 326
"../../../../../../Users/m011962i/Documents/GitHub/ParkourRunner/Content/ART/Characters/Enemies/Textures/T_EyeLens_N.uasset" 327
"../../../../../../Users/m011962i/Documents/GitHub/ParkourRunner/Content/ART/Characters/Enemies/Textures/T_EyeBrown_N.uasset" 328
"../../../../../../Users/m011962i/Documents/GitHub/ParkourRunner/Content/ART/Characters/Enemies/Textures/T_EyeBrown_Mask.uasset" 329
"../../../../../../Users/m011962i/Documents/GitHub/ParkourRunner/Content/ART/Characters/Enemies/Materials/M_EnemyEyes_Cornea.uasset" 330
"../../../../../../Users/m011962i/Documents/GitHub/ParkourRunner/Content/ART/Characters/Enemies/Materials/MI_Enemy_Eyes_Cornea.uasset" 331
"../../../../../../Users/m011962i/Documents/GitHub/ParkourRunner/Content/ART/Characters/Enemies/Textures/Alien_Bakes_Head_SRAT.uasset" 332
"../../../../../../Users/m011962i/Documents/GitHub/ParkourRunner/Content/ART/Characters/Enemies/Textures/Alien_Bakes_Head_Normals.uasset" 333
"../../../../../../Users/m011962i/Documents/GitHub/ParkourRunner/Content/ART/Characters/Enemies/Textures/Alien_Bakes_Head_Albedo+Cav.uasset" 334
"../../../../../../Users/m011962i/Documents/GitHub/ParkourRunner/Content/ART/Characters/Enemies/Textures/Alien_Bakes_Body_SRAT.uasset" 335
"../../../../../../Users/m011962i/Documents/GitHub/ParkourRunner/Content/ART/Characters/Enemies/Textures/Alien_Bakes_Body_Normals.uasset" 336
"../../../../../../Users/m011962i/Documents/GitHub/ParkourRunner/Content/ART/Characters/Enemies/Textures/Alien_Bakes_Body_Albedo+Cav.uasset" 337
"../../../../../../Users/m011962i/Documents/GitHub/ParkourRunner/Content/ART/Characters/Enemies/Materials/M_EnemyBase.uasset" 338
"../../../../../../Users/m011962i/Documents/GitHub/ParkourRunner/Content/ART/Characters/Enemies/Materials/MI_EnemyF_head.uasset" 339
"../../../../../../Users/m011962i/Documents/GitHub/ParkourRunner/Content/ART/Characters/Enemies/Materials/MI_EnemyF_Body.uasset" 340
"../../../../../../Users/m011962i/Documents/GitHub/ParkourRunner/Content/ART/Characters/Enemies/Materials/M_EnemyEyes_occlusion.uasset" 341
"../../../../../../Users/m011962i/Documents/GitHub/ParkourRunner/Content/ART/Characters/Enemies/Materials/MI_EnemyEyes_Occlusion.uasset" 342
"../../../../../../Users/m011962i/Documents/GitHub/ParkourRunner/Content/ART/Characters/Enemies/Meshes/Alien_low.uasset" 343
"../../../../../../Users/m011962i/Documents/GitHub/ParkourRunner/Content/1MISC/FirstPerson/FPWeapon/Mesh/SK_FPGun_Skeleton.uasset" 344
"../../../../../../Users/m011962i/Documents/GitHub/ParkourRunner/Content/1MISC/FirstPerson/FPWeapon/Textures/T_FPGun_N.uasset" 345
"../../../../../../Users/m011962i/Documents/GitHub/ParkourRunner/Content/1MISC/FirstPerson/FPWeapon/Textures/T_FPGun_M.uasset" 346
"../../../../../../Users/m011962i/Documents/GitHub/ParkourRunner/Content/1MISC/FirstPerson/FPWeapon/Materials/MaterialLayers/T_ML_Rubber_Blue_01_N.uasset" 347
"../../../../../../Users/m011962i/Documents/GitHub/ParkourRunner/Content/1MISC/FirstPerson/FPWeapon/Materials/MaterialLayers/T_ML_Rubber_Blue_01_D.uasset" 348
"../../../../../../Users/m011962i/Documents/GitHub/ParkourRunner/Content/1MISC/FirstPerson/FPWeapon/Materials/MaterialLayers/T_ML_Aluminum01_N.uasset" 349
"../../../../../../Users/m011962i/Documents/GitHub/ParkourRunner/Content/1MISC/FirstPerson/FPWeapon/Materials/MaterialLayers/T_ML_Aluminum01.uasset" 350
"../../../../../../Users/m011962i/Documents/GitHub/ParkourRunner/Content/1MISC/FirstPerson/FPWeapon/Materials/MaterialLayers/ML_SoftMetal_UE4.uasset" 351
"../../../../../../Users/m011962i/Documents/GitHub/ParkourRunner/Content/1MISC/FirstPerson/FPWeapon/Materials/MaterialLayers/ML_Screen.uasset" 352
"../../../../../../Users/m011962i/Documents/GitHub/ParkourRunner/Content/1MISC/FirstPerson/FPWeapon/Materials/MaterialLayers/ML_Plastic_Shiny_Beige.uasset" 353
"../../../../../../Users/m011962i/Documents/GitHub/ParkourRunner/Content/1MISC/FirstPerson/FPWeapon/Materials/MaterialLayers/ML_GlossyBlack_Latex_UE4.uasset" 354
"../../../../../../Users/m011962i/Documents/GitHub/ParkourRunner/Content/1MISC/FirstPerson/FPWeapon/Materials/M_FPGun.uasset" 355
"../../../../../../Users/m011962i/Documents/GitHub/ParkourRunner/Content/1MISC/FirstPerson/FPWeapon/Mesh/SK_FPGun.uasset" 356
"../../../../../../Users/m011962i/Documents/GitHub/ParkourRunner/Content/TECH/Mitz/AI/BP_BaseEnemy.uasset" 357
"../../../../../../Users/m011962i/Documents/GitHub/ParkourRunner/Content/DESIGN/Tam/Controls.uasset" 358
"../../../../../../Users/m011962i/Documents/GitHub/ParkourRunner/Content/DESIGN/Tam/Telemetry.uasset" 359
"../../../../../../Users/m011962i/Documents/GitHub/ParkourRunner/Content/DESIGN/Tam/Textures/T_Grid.uasset" 360
"../../../../../../Users/m011962i/Documents/GitHub/ParkourRunner/Content/DESIGN/Tam/LevelDesignMaterials/TechArt/MF_CheapLF_Vec2.uasset" 361
"../../../Engine/Content/Functions/Engine_MaterialFunctions02/Utility/VectorLength.uasset" 362
"../../../Engine/Content/Functions/Engine_MaterialFunctions02/WorldPositionOffset/ObjectScale.uasset" 363
"../../../Engine/Content/Functions/Engine_MaterialFunctions02/WorldPositionOffset/ObjectPivotPoint.uasset" 364
"../../../../../../Users/m011962i/Documents/GitHub/ParkourRunner/Content/DESIGN/Tam/LevelDesignMaterials/TechArt/MF_LDGrid_Triplanar.uasset" 365
"../../../Engine/Content/EngineMaterials/DefaultPhysicalMaterial.uasset" 366
"../../../../../../Users/m011962i/Documents/GitHub/ParkourRunner/Content/DESIGN/Tam/LevelDesignMaterials/M_LDGrid_Local.uasset" 367
"../../../../../../Users/m011962i/Documents/GitHub/ParkourRunner/Content/DESIGN/Tam/LevelDesignMaterials/MI_LDGrid_Local_White.uasset" 368
"../../../../../../Users/m011962i/Documents/GitHub/ParkourRunner/Content/DESIGN/Tam/LevelDesignMaterials/MI_LDGrid_Base_Grey.uasset" 369
"../../../../../../Users/m011962i/Documents/GitHub/ParkourRunner/Content/DESIGN/Tam/LevelDesignMaterials/MI_LDGrid_Local_Grey.uasset" 370
"../../../../../../Users/m011962i/Documents/GitHub/ParkourRunner/Content/DESIGN/Tam/LevelDesignMaterials/MI_LDGrid_Local_Green.uasset" 371
"../../../../../../Users/m011962i/Documents/GitHub/ParkourRunner/Content/DESIGN/Tam/LevelDesignMaterials/MI_LDGrid_Local_DarkGrey.uasset" 372
"../../../../../../Users/m011962i/Documents/GitHub/ParkourRunner/Content/DESIGN/Tam/LevelDesignMaterials/MI_LDGrid_ExpBarrel.uasset" 373
"../../../../../../Users/m011962i/Documents/GitHub/ParkourRunner/Content/TECH/Jay/Materials/M_BaseFresnelMat.uasset" 374
"../../../../../../Users/m011962i/Documents/GitHub/ParkourRunner/Content/TECH/Jay/Materials/M_BaseFresnelMat_Inst.uasset" 375
"../../../../../../Users/m011962i/Documents/GitHub/ParkourRunner/Content/TECH/Jay/Blueprints/EnvironmentalInteractions/BP_GI_Platform.uasset" 376
"../../../Engine/Content/VREditor/BasicMeshes/T_CleanFloorGrunge_01_D.uasset" 377
"../../../Engine/Content/VREditor/BasicMeshes/M_Floor_01.uasset" 378
"../../../Engine/Content/VREditor/BasicMeshes/MI_Cube_03.uasset" 379
"../../../../../../Users/m011962i/Documents/GitHub/ParkourRunner/Content/TECH/Jay/Blueprints/Hazards/BP_BaseHazard.uasset" 380
"../../../../../../Users/m011962i/Documents/GitHub/ParkourRunner/Content/TECH/Jay/Blueprints/Hazards/BP_Spikes.uasset" 381
"../../../../../../Users/m011962i/Documents/GitHub/ParkourRunner/Content/TECH/Mitz/Blueprints/BP_KillZ.uasset" 382
"../../../../../../Users/m011962i/Documents/GitHub/ParkourRunner/Content/ART/James/Materials/Textures/Tiling/Wood/T_Wood_01_A_NORMAL.uasset" 383
"../../../../../../Users/m011962i/Documents/GitHub/ParkourRunner/Content/ART/James/Materials/Textures/Tiling/Wood/T_Wood_01_A_MRAO.uasset" 384
"../../../../../../Users/m011962i/Documents/GitHub/ParkourRunner/Content/ART/James/Materials/Textures/Tiling/Wood/T_Wood_01_A_ALBEDO.uasset" 385
"../../../../../../Users/m011962i/Documents/GitHub/ParkourRunner/Content/ART/James/Materials/Textures/Tiling/Paint/T_Paint_01_A_NORMAL.uasset" 386
"../../../../../../Users/m011962i/Documents/GitHub/ParkourRunner/Content/ART/James/Materials/Textures/Tiling/Paint/T_Paint_01_A_MRAO.uasset" 387
"../../../../../../Users/m011962i/Documents/GitHub/ParkourRunner/Content/ART/James/Materials/Textures/Tiling/Paint/T_Paint_01_A_ALBEDO.uasset" 388
"../../../../../../Users/m011962i/Documents/GitHub/ParkourRunner/Content/ART/James/Materials/Textures/Tiling/Detail_Normal/T_Detail_04_A_NORMAL.uasset" 389
"../../../../../../Users/m011962i/Documents/GitHub/ParkourRunner/Content/ART/James/Materials/Master_Materials/Instances/MI_PaintedWood_01_A_INST.uasset" 390
"../../../../../../Users/m011962i/Documents/GitHub/ParkourRunner/Content/ART/James/Materials/Textures/Tiling/Painted_Metal/T_PaintedMetal_01_L_NORMAL.uasset" 391
"../../../../../../Users/m011962i/Documents/GitHub/ParkourRunner/Content/ART/James/Materials/Textures/Tiling/Painted_Metal/T_PaintedMetal_01_L_MRAO.uasset" 392
"../../../../../../Users/m011962i/Documents/GitHub/ParkourRunner/Content/ART/James/Materials/Textures/Tiling/Painted_Metal/T_PaintedMetal_01_L_ALBEDO.uasset" 393
"../../../../../../Users/m011962i/Documents/GitHub/ParkourRunner/Content/ART/James/Materials/Textures/Tiling/Painted_Metal/T_PaintedMetal_01_J_NORMAL.uasset" 394
"../../../../../../Users/m011962i/Documents/GitHub/ParkourRunner/Content/ART/James/Materials/Textures/Tiling/Painted_Metal/T_PaintedMetal_01_J_MRAO.uasset" 395
"../../../../../../Users/m011962i/Documents/GitHub/ParkourRunner/Content/ART/James/Materials/Textures/Tiling/Painted_Metal/T_PaintedMetal_01_J_ALBEDO.uasset" 396
"../../../../../../Users/m011962i/Documents/GitHub/ParkourRunner/Content/ART/James/Materials/Textures/Tiling/Detail_Roughness/T_Detail_08_A_ROUGHNESS.uasset" 397
"../../../../../../Users/m011962i/Documents/GitHub/ParkourRunner/Content/ART/James/Materials/Master_Materials/Instances/MI_PaintedMetal_01_A_INST.uasset" 398
"../../../../../../Users/m011962i/Documents/GitHub/ParkourRunner/Content/ART/James/Materials/Textures/Tiling/Detail_Roughness/T_Detail_019_A_ROUGHNESS.uasset" 399
"../../../../../../Users/m011962i/Documents/GitHub/ParkourRunner/Content/ART/James/Materials/Master_Materials/Instances/MI_Brick_01_A_INST.uasset" 400
"../../../../../../Users/m011962i/Documents/GitHub/ParkourRunner/Content/ART/James/Assets/Modular_Meshes/Walls/SM_WallDoorway_02_A_MESH.uasset" 401
"../../../../../../Users/m011962i/Documents/GitHub/ParkourRunner/Content/ART/James/Assets/Modular_Meshes/Walls/SM_Wall2M_01_A_MESH.uasset" 402
"../../../../../../Users/m011962i/Documents/GitHub/ParkourRunner/Content/ART/James/Materials/Textures/Tiling/Painted_Metal/T_PaintedMetal_01_D_NORMAL.uasset" 403
"../../../../../../Users/m011962i/Documents/GitHub/ParkourRunner/Content/ART/James/Materials/Textures/Tiling/Painted_Metal/T_PaintedMetal_01_D_MRAO.uasset" 404
"../../../../../../Users/m011962i/Documents/GitHub/ParkourRunner/Content/ART/James/Materials/Textures/Tiling/Painted_Metal/T_PaintedMetal_01_D_ALBEDO.uasset" 405
"../../../../../../Users/m011962i/Documents/GitHub/ParkourRunner/Content/ART/James/Materials/Textures/Tiling/Painted_Metal/T_PaintedMetal_01_B_NORMAL.uasset" 406
"../../../../../../Users/m011962i/Documents/GitHub/ParkourRunner/Content/ART/James/Materials/Textures/Tiling/Painted_Metal/T_PaintedMetal_01_B_MRAO.uasset" 407
"../../../../../../Users/m011962i/Documents/GitHub/ParkourRunner/Content/ART/James/Materials/Textures/Tiling/Painted_Metal/T_PaintedMetal_01_B_ALBEDO.uasset" 408
"../../../../../../Users/m011962i/Documents/GitHub/ParkourRunner/Content/ART/James/Materials/Textures/Tiling/Paint/T_Paint_01_C_NORMAL.uasset" 409
"../../../../../../Users/m011962i/Documents/GitHub/ParkourRunner/Content/ART/James/Materials/Textures/Tiling/Detail_Roughness/T_Detail_07_A_ROUGHNESS.uasset" 410
"../../../../../../Users/m011962i/Documents/GitHub/ParkourRunner/Content/ART/James/Materials/Master_Materials/Instances/MI_PaintedMetal_01_B_INST.uasset" 411
"../../../../../../Users/m011962i/Documents/GitHub/ParkourRunner/Content/ART/James/Assets/Modular_Meshes/Doors/SM_DoubleDoor_01_A_MESH.uasset" 412
"../../../../../../Users/m011962i/Documents/GitHub/ParkourRunner/Content/DESIGN/Tam/M_Tam_Test_Level_v3.umap" 413
"../../../Engine/Content/Maps/Entry_BuiltData.uasset" 414
"../../../Engine/Content/Maps/Entry.umap" 415
